{"level":50,"time":"2025-01-19T00:47:56.558Z","pid":17604,"hostname":"PC","url":"/auth","href":"login","msg":"Malformacion de datos, no pudieron ser validados.","datos":[{"campo":"Usuario ","validation":["Campo vacío."]},{"campo":"Contraseña ","validation":["Campo vacío."]}]}
{"level":30,"time":"2025-01-19T01:30:45.631Z","pid":17604,"hostname":"PC","url":"/auth","href":"login","msg":"SESION CREADA PARA EL USUARIO wiston","usuario":"wiston","session":"f64fcd00-b91f-4a18-9fb9-93a1888988d4"}
{"level":30,"time":"2025-01-19T01:37:52.839Z","pid":17604,"hostname":"PC","url":"/logout","href":"logout","session_id":"f64fcd00-b91f-4a18-9fb9-93a1888988d4","usuario":"wiston","msg":"SESION FINALIZADA"}
{"level":30,"time":"2025-01-19T03:22:41.201Z","pid":22984,"hostname":"PC","url":"/auth","href":"login","msg":"SESION CREADA PARA EL USUARIO wiston","usuario":"wiston","session":"12131dc0-2329-4145-a6d0-74bb2a363c2a"}
{"level":30,"time":"2025-01-19T03:24:07.308Z","pid":22984,"hostname":"PC","url":"/logout","href":"logout","session_id":"12131dc0-2329-4145-a6d0-74bb2a363c2a","usuario":"wiston","msg":"SESION FINALIZADA"}
{"level":30,"time":"2025-01-20T09:23:13.942Z","pid":13732,"hostname":"PC","url":"/logout","href":"logout","session_id":"8a4b3c59-836f-42ec-9ba1-7ea01ea054e7","usuario":"wiston","msg":"SESION FINALIZADA"}
{"level":30,"time":"2025-01-20T09:23:36.110Z","pid":13732,"hostname":"PC","url":"/auth","href":"login","msg":"SESION CREADA PARA EL USUARIO wiston","usuario":"wiston","session":"8e44427e-a854-4b8c-8d34-5d1e8430eb6c"}
{"level":30,"time":"2025-01-20T09:24:27.390Z","pid":13732,"hostname":"PC","url":"/logout","href":"logout","session_id":"8e44427e-a854-4b8c-8d34-5d1e8430eb6c","usuario":"wiston","msg":"SESION FINALIZADA"}
{"level":30,"time":"2025-01-21T11:15:43.086Z","pid":24292,"hostname":"PC","url":"/auth","href":"login","msg":"SESION CREADA PARA EL USUARIO wiston","usuario":"wiston","session":"ef4490f9-f503-48f6-97e0-0956f9506e96"}
{"level":30,"time":"2025-01-21T11:16:08.256Z","pid":24292,"hostname":"PC","url":"/logout","href":"logout","session_id":"ef4490f9-f503-48f6-97e0-0956f9506e96","usuario":"wiston","msg":"SESION FINALIZADA"}
{"level":30,"time":"2025-01-25T01:31:32.519Z","pid":11244,"hostname":"PC","url":"/auth","href":"login","msg":"SESION CREADA PARA EL USUARIO wiston","usuario":"wiston","session":"b1c96651-47af-4594-8315-c02f7772b872"}
{"level":30,"time":"2025-01-25T01:31:34.467Z","pid":11244,"hostname":"PC","url":"/auth","href":"login","msg":"SESION CREADA PARA EL USUARIO wiston","usuario":"wiston","session":"3c1bf2ef-3ffe-4422-ab2f-c875826a57bb"}
{"level":30,"time":"2025-01-27T15:08:37.353Z","pid":2312,"hostname":"PC","url":"/auth","href":"login","msg":"SESION CREADA PARA EL USUARIO wiston","usuario":"wiston","session":"a20a70da-4953-4be0-83fe-8404a73429ec"}
{"level":30,"time":"2025-01-27T15:18:33.875Z","pid":2312,"hostname":"PC","url":"/settings/users","href":"delete","session_id":"a20a70da-4953-4be0-83fe-8404a73429ec","usuario":"wiston","msg":"Usuario Eliminado","usuario":"marikobe"}
{"level":30,"time":"2025-01-27T15:18:38.636Z","pid":2312,"hostname":"PC","url":"/settings/users","href":"delete","session_id":"a20a70da-4953-4be0-83fe-8404a73429ec","usuario":"wiston","msg":"Usuario Eliminado","usuario":"wisto3"}
{"level":30,"time":"2025-01-27T15:36:18.370Z","pid":2312,"hostname":"PC","url":"/settings/users","href":"delete","session_id":"a20a70da-4953-4be0-83fe-8404a73429ec","usuario":"wiston","msg":"Usuario Eliminado","usuario":"ernest12"}
{"level":30,"time":"2025-01-27T15:56:32.282Z","pid":2312,"hostname":"PC","url":"/logout","href":"logout","session_id":"a20a70da-4953-4be0-83fe-8404a73429ec","usuario":"wiston","msg":"SESION FINALIZADA"}
{"level":30,"time":"2025-01-27T15:56:58.939Z","pid":2312,"hostname":"PC","url":"/auth","href":"register","msg":"NUEVO USUARIO REGISTRADO","usuario":"marco"}
{"level":30,"time":"2025-01-27T15:57:20.545Z","pid":2312,"hostname":"PC","url":"/auth","href":"login","msg":"SESION CREADA PARA EL USUARIO marco","usuario":"marco","session":"e00076d9-c254-4314-bce9-dc38b0fbfd55"}
{"level":30,"time":"2025-01-27T15:57:35.521Z","pid":2312,"hostname":"PC","url":"/settings/account","href":"delete","session_id":"e00076d9-c254-4314-bce9-dc38b0fbfd55","usuario":"marco","msg":"Usuario Eliminado","usuario":"marco"}
{"level":30,"time":"2025-01-27T15:57:46.293Z","pid":2312,"hostname":"PC","url":"/auth","href":"login","msg":"SESION CREADA PARA EL USUARIO wiston","usuario":"wiston","session":"9c2c183f-a880-41c8-9686-16c3a6d88b2c"}
{"level":30,"time":"2025-01-27T15:59:23.282Z","pid":2312,"hostname":"PC","url":"/logout","href":"logout","session_id":"9c2c183f-a880-41c8-9686-16c3a6d88b2c","usuario":"wiston","msg":"SESION FINALIZADA"}
{"level":30,"time":"2025-01-27T15:59:39.741Z","pid":2312,"hostname":"PC","url":"/auth","href":"register","msg":"NUEVO USUARIO REGISTRADO","usuario":"hect"}
{"level":30,"time":"2025-01-27T15:59:51.965Z","pid":2312,"hostname":"PC","url":"/auth","href":"login","msg":"SESION CREADA PARA EL USUARIO wiston","usuario":"wiston","session":"2444a21b-85b8-4106-835f-770844f2e303"}
{"level":30,"time":"2025-01-27T16:02:05.940Z","pid":2312,"hostname":"PC","url":"/logout","href":"logout","session_id":"2444a21b-85b8-4106-835f-770844f2e303","usuario":"wiston","msg":"SESION FINALIZADA"}
{"level":30,"time":"2025-01-27T16:18:05.811Z","pid":2312,"hostname":"PC","url":"/auth","href":"login","msg":"SESION CREADA PARA EL USUARIO wiston","usuario":"wiston","session":"5da3ef83-0125-4929-b13f-096d77246e90"}
{"level":30,"time":"2025-01-27T16:18:49.676Z","pid":2312,"hostname":"PC","url":"/logout","href":"logout","session_id":"5da3ef83-0125-4929-b13f-096d77246e90","usuario":"wiston","msg":"SESION FINALIZADA"}
{"level":30,"time":"2025-01-27T16:43:09.767Z","pid":2312,"hostname":"PC","url":"/auth","href":"login","msg":"SESION CREADA PARA EL USUARIO wiston","usuario":"wiston","session":"56d90165-128f-482e-b444-49296b69ab14"}
{"level":30,"time":"2025-01-27T16:44:51.005Z","pid":2312,"hostname":"PC","url":"/logout","href":"logout","session_id":"56d90165-128f-482e-b444-49296b69ab14","usuario":"wiston","msg":"SESION FINALIZADA"}
{"level":30,"time":"2025-01-27T16:45:13.162Z","pid":2312,"hostname":"PC","url":"/auth","href":"recovery","msg":"CONTRASEÑA CAMBIADA"}
{"level":50,"time":"2025-01-27T16:45:33.577Z","pid":2312,"hostname":"PC","url":"/auth","href":"register","msg":"Malformacion de datos, no pudieron ser validados.","datos":[{"campo":"Contraseña ","validation":["Su contraseña no cumple con los parametros de seguridad minimos: debe de contener al menos \n        8 caracteres, una letra mayuscula, una letra minuscula y un caracter especial."]}]}
{"level":30,"time":"2025-01-27T16:47:13.895Z","pid":2312,"hostname":"PC","url":"/auth","href":"register","msg":"NUEVO USUARIO REGISTRADO","usuario":"Wito"}
{"level":30,"time":"2025-01-27T16:47:33.904Z","pid":2312,"hostname":"PC","url":"/auth","href":"login","msg":"SESION CREADA PARA EL USUARIO Wito","usuario":"Wito","session":"7593c39c-1eeb-45f7-a5a1-7d0b3e876331"}
{"level":30,"time":"2025-01-27T16:47:59.268Z","pid":2312,"hostname":"PC","url":"/settings/account","href":"delete","session_id":"7593c39c-1eeb-45f7-a5a1-7d0b3e876331","usuario":"Wito","msg":"Usuario Eliminado","usuario":"Wito"}
{"level":50,"time":"2025-01-27T16:48:15.000Z","pid":2312,"hostname":"PC","url":"/auth","href":"register","msg":"Malformacion de datos, no pudieron ser validados.","datos":[{"campo":"Apellido ","validation":["Mínimo de 4 carácteres"]}]}
{"level":30,"time":"2025-01-27T16:48:24.206Z","pid":2312,"hostname":"PC","url":"/auth","href":"register","msg":"NUEVO USUARIO REGISTRADO","usuario":"Wito"}
{"level":30,"time":"2025-01-27T16:48:58.471Z","pid":2312,"hostname":"PC","url":"/auth","href":"login","msg":"SESION CREADA PARA EL USUARIO wiston","usuario":"wiston","session":"949d8676-4819-4d24-bd2d-868bf28e5f72"}
{"level":30,"time":"2025-01-27T16:49:22.939Z","pid":2312,"hostname":"PC","url":"/logout","href":"logout","session_id":"949d8676-4819-4d24-bd2d-868bf28e5f72","usuario":"wiston","msg":"SESION FINALIZADA"}
{"level":30,"time":"2025-01-27T16:49:34.637Z","pid":2312,"hostname":"PC","url":"/auth","href":"login","msg":"SESION CREADA PARA EL USUARIO Wito","usuario":"Wito","session":"26174a88-dc9c-469a-b6c1-acc5dd9d6703"}
{"level":30,"time":"2025-01-27T16:49:34.873Z","pid":2312,"hostname":"PC","url":"/auth","href":"login","msg":"SESION CREADA PARA EL USUARIO Wito","usuario":"Wito","session":"07fd3c16-cd5d-440e-9bb0-343103f1ea4b"}
{"level":30,"time":"2025-01-27T16:49:52.586Z","pid":2312,"hostname":"PC","url":"/logout","href":"logout","session_id":"07fd3c16-cd5d-440e-9bb0-343103f1ea4b","usuario":"Wito","msg":"SESION FINALIZADA"}
{"level":30,"time":"2025-01-27T16:50:15.459Z","pid":2312,"hostname":"PC","url":"/auth","href":"login","msg":"SESION CREADA PARA EL USUARIO wiston","usuario":"wiston","session":"f5b5dd27-e45e-4a30-b39b-e29697438a54"}
{"level":30,"time":"2025-01-27T16:50:46.262Z","pid":2312,"hostname":"PC","url":"/logout","href":"logout","session_id":"f5b5dd27-e45e-4a30-b39b-e29697438a54","usuario":"wiston","msg":"SESION FINALIZADA"}
{"level":30,"time":"2025-01-27T16:51:19.605Z","pid":2312,"hostname":"PC","url":"/auth","href":"login","msg":"SESION CREADA PARA EL USUARIO Wito","usuario":"Wito","session":"80009011-d389-4649-b403-0c314bb41bcd"}
{"level":30,"time":"2025-01-27T16:51:43.462Z","pid":2312,"hostname":"PC","url":"/logout","href":"logout","session_id":"80009011-d389-4649-b403-0c314bb41bcd","usuario":"Wito","msg":"SESION FINALIZADA"}
{"level":30,"time":"2025-01-27T16:52:16.727Z","pid":2312,"hostname":"PC","url":"/auth","href":"login","msg":"SESION CREADA PARA EL USUARIO wiston","usuario":"wiston","session":"c01ffec4-00d3-4056-a3cc-9f1d51b089d7"}
{"level":30,"time":"2025-01-27T17:13:13.646Z","pid":13336,"hostname":"PC","url":"/logout","href":"logout","session_id":"c01ffec4-00d3-4056-a3cc-9f1d51b089d7","usuario":"wiston","msg":"SESION FINALIZADA"}
{"level":30,"time":"2025-01-27T19:27:09.581Z","pid":19344,"hostname":"PC","url":"/auth","href":"login","msg":"SESION CREADA PARA EL USUARIO wiston","usuario":"wiston","session":"ee2722d5-5169-41b3-8ef7-a54888f892d9"}
{"level":30,"time":"2025-01-27T19:28:21.580Z","pid":19344,"hostname":"PC","url":"/logout","href":"logout","session_id":"ee2722d5-5169-41b3-8ef7-a54888f892d9","usuario":"wiston","msg":"SESION FINALIZADA"}
{"level":30,"time":"2025-01-28T17:29:58.569Z","pid":14440,"hostname":"PC","url":"/auth","href":"login","msg":"SESION CREADA PARA EL USUARIO wiston","usuario":"wiston","session":"94ee4e3f-dbd4-4504-8f96-d26b1c6357ae"}
{"level":30,"time":"2025-01-28T19:01:01.075Z","pid":14440,"hostname":"PC","url":"/auth","href":"login","msg":"SESION CREADA PARA EL USUARIO wiston","usuario":"wiston","session":"7860b9bc-9a5b-410b-bbb3-21023838044e"}
{"level":30,"time":"2025-01-29T00:13:26.491Z","pid":14440,"hostname":"PC","url":"/settings/users","href":"delete","session_id":"7860b9bc-9a5b-410b-bbb3-21023838044e","usuario":"wiston","msg":"Usuario Eliminado","usuario":"Wito"}
{"level":30,"time":"2025-01-29T00:14:04.564Z","pid":14440,"hostname":"PC","url":"/logout","href":"logout","session_id":"7860b9bc-9a5b-410b-bbb3-21023838044e","usuario":"wiston","msg":"SESION FINALIZADA"}
{"level":30,"time":"2025-01-29T00:14:36.985Z","pid":14440,"hostname":"PC","url":"/auth","href":"login","msg":"SESION CREADA PARA EL USUARIO wiston","usuario":"wiston","session":"72de92fa-ae44-4e84-bc2e-1250b81c1b62"}
{"level":30,"time":"2025-01-29T01:36:36.016Z","pid":14440,"hostname":"PC","url":"/logout","href":"logout","session_id":"72de92fa-ae44-4e84-bc2e-1250b81c1b62","usuario":"wiston","msg":"SESION FINALIZADA"}
{"level":30,"time":"2025-01-29T04:31:37.924Z","pid":12112,"hostname":"PC","url":"/logout","href":"logout","session_id":"94ee4e3f-dbd4-4504-8f96-d26b1c6357ae","usuario":"wiston","msg":"SESION FINALIZADA"}
{"level":50,"time":"2025-01-29T04:32:08.493Z","pid":12112,"hostname":"PC","url":"/auth","href":"register","msg":"Malformacion de datos, no pudieron ser validados.","datos":[{"campo":"Contraseña ","validation":["Su contraseña no cumple con los parametros de seguridad minimos: debe de contener al menos \n        8 caracteres, una letra mayuscula, una letra minuscula y un caracter especial."]}]}
{"level":30,"time":"2025-01-29T04:32:15.257Z","pid":12112,"hostname":"PC","url":"/auth","href":"register","msg":"NUEVO USUARIO REGISTRADO","usuario":"suge"}
{"level":30,"time":"2025-01-29T04:32:41.917Z","pid":12112,"hostname":"PC","url":"/auth","href":"login","msg":"SESION CREADA PARA EL USUARIO wiston","usuario":"wiston","session":"53e13ec6-c724-4386-a53c-8f9ea0f54904"}
{"level":30,"time":"2025-02-05T19:36:08.153Z","pid":2660,"hostname":"PC","url":"/auth","href":"login","msg":"SESION CREADA PARA EL USUARIO wiston","usuario":"wiston","session":"36b726c3-0c8a-4295-ae51-fa673005d5b3"}
{"level":30,"time":"2025-02-05T21:10:24.614Z","pid":10296,"hostname":"PC","url":"/alumnos","href":"createAlumno","session_id":"36b726c3-0c8a-4295-ae51-fa673005d5b3","usuario":"wiston","msg":"Nuevo Alumno Creado"}
{"level":30,"time":"2025-02-05T22:01:05.500Z","pid":10296,"hostname":"PC","url":"/logout","href":"logout","session_id":"36b726c3-0c8a-4295-ae51-fa673005d5b3","usuario":"wiston","msg":"SESION FINALIZADA"}
{"level":30,"time":"2025-02-05T22:02:39.594Z","pid":10296,"hostname":"PC","url":"/auth","href":"login","msg":"SESION CREADA PARA EL USUARIO wiston","usuario":"wiston","session":"81a9d2a9-9655-407e-a7e7-2d9599b8e5d0"}
{"level":30,"time":"2025-02-05T22:03:22.754Z","pid":10296,"hostname":"PC","url":"/auth","href":"login","msg":"SESION CREADA PARA EL USUARIO wiston","usuario":"wiston","session":"4747a04e-49ae-494b-b863-ed535568ae04"}
{"level":30,"time":"2025-02-06T00:33:40.319Z","pid":10296,"hostname":"PC","url":"/logout","href":"logout","session_id":"4747a04e-49ae-494b-b863-ed535568ae04","usuario":"wiston","msg":"SESION FINALIZADA"}
{"level":30,"time":"2025-02-06T00:34:56.857Z","pid":10296,"hostname":"PC","url":"/auth","href":"login","msg":"SESION CREADA PARA EL USUARIO wiston","usuario":"wiston","session":"ae66aa15-f99d-4c07-8f4f-28953a927a5c"}
{"level":50,"time":"2025-02-06T00:35:09.002Z","pid":10296,"hostname":"PC","url":"/alumnos","href":"createAlumno","session_id":"ae66aa15-f99d-4c07-8f4f-28953a927a5c","usuario":"wiston","err":{"type":"DatabaseError","message":"la sintaxis de entrada no es válida para tipo date: «»","stack":"error: la sintaxis de entrada no es válida para tipo date: «»\n    at C:\\Users\\Usuario\\school\\node_modules\\pg\\lib\\client.js:535:17\n    at process.processTicksAndRejections (node:internal/process/task_queues:95:5)\n    at async PostgresConnection.executeQuery (file:///C:/Users/Usuario/school/node_modules/kysely/dist/esm/dialect/postgres/postgres-driver.js:72:28)\n    at async file:///C:/Users/Usuario/school/node_modules/kysely/dist/esm/query-executor/query-executor-base.js:35:28\n    at async DefaultConnectionProvider.provideConnection (file:///C:/Users/Usuario/school/node_modules/kysely/dist/esm/driver/default-connection-provider.js:10:20)\n    at async DefaultQueryExecutor.executeQuery (file:///C:/Users/Usuario/school/node_modules/kysely/dist/esm/query-executor/query-executor-base.js:34:16)\n    at async InsertQueryBuilder.execute (file:///C:/Users/Usuario/school/node_modules/kysely/dist/esm/query-builder/insert-query-builder.js:916:24)\n    at async Object.create (C:/Users/Usuario/school/src/lib/database/repositories/alumnos.repository.ts:8:7)\n    at async Module.async [as default] (C:/Users/Usuario/school/src/lib/utils/asyncHandler.ts:7:16)\n    at async createAlumnoHandler (C:/Users/Usuario/school/src/lib/handlers/alumnos.handlers.ts:20:3)\n    at PostgresConnection.executeQuery (file:///C:/Users/Usuario/school/node_modules/kysely/dist/esm/dialect/postgres/postgres-driver.js:92:41)\n    at process.processTicksAndRejections (node:internal/process/task_queues:95:5)\n    at async file:///C:/Users/Usuario/school/node_modules/kysely/dist/esm/query-executor/query-executor-base.js:35:28\n    at async DefaultConnectionProvider.provideConnection (file:///C:/Users/Usuario/school/node_modules/kysely/dist/esm/driver/default-connection-provider.js:10:20)\n    at async DefaultQueryExecutor.executeQuery (file:///C:/Users/Usuario/school/node_modules/kysely/dist/esm/query-executor/query-executor-base.js:34:16)\n    at async InsertQueryBuilder.execute (file:///C:/Users/Usuario/school/node_modules/kysely/dist/esm/query-builder/insert-query-builder.js:916:24)\n    at async Object.create (C:/Users/Usuario/school/src/lib/database/repositories/alumnos.repository.ts:8:7)\n    at async Module.async [as default] (C:/Users/Usuario/school/src/lib/utils/asyncHandler.ts:7:16)\n    at async createAlumnoHandler (C:/Users/Usuario/school/src/lib/handlers/alumnos.handlers.ts:20:3)\n    at async Module.handle_action_json_request (C:/Users/Usuario/school/node_modules/@sveltejs/kit/src/runtime/server/page/actions.js:50:18)","length":161,"name":"error","severity":"ERROR","code":"22007","where":"portal sin nombre, parámetro 8 = ''","file":"datetime.c","line":"4018","routine":"DateTimeParseError"},"msg":"la sintaxis de entrada no es válida para tipo date: «»"}
{"level":30,"time":"2025-02-06T00:35:09.003Z","pid":10296,"hostname":"PC","url":"/alumnos","href":"createAlumno","session_id":"ae66aa15-f99d-4c07-8f4f-28953a927a5c","usuario":"wiston","msg":"Nuevo Alumno Creado"}
{"level":30,"time":"2025-02-06T03:30:51.008Z","pid":10296,"hostname":"PC","url":"/logout","href":"logout","session_id":"ae66aa15-f99d-4c07-8f4f-28953a927a5c","usuario":"wiston","msg":"SESION FINALIZADA"}
{"level":30,"time":"2025-02-09T05:57:52.547Z","pid":17940,"hostname":"PC","url":"/auth","href":"login","msg":"SESION CREADA PARA EL USUARIO wiston","usuario":"wiston","session":"f9490b29-fd28-4ff6-9593-1237a0a14c5a"}
{"level":30,"time":"2025-02-10T16:48:12.123Z","pid":13576,"hostname":"PC","url":"/logout","href":"logout","session_id":"f9490b29-fd28-4ff6-9593-1237a0a14c5a","usuario":"wiston","msg":"SESION FINALIZADA"}
{"level":50,"time":"2025-02-10T16:48:38.590Z","pid":13576,"hostname":"PC","url":"/auth","href":"register","msg":"Malformacion de datos, no pudieron ser validados.","datos":[{"campo":"Nombre ","validation":["Mínimo de 4 caracteres"]},{"campo":"Usuario ","validation":["Mínimo de 4 carácteres"]}]}
{"level":50,"time":"2025-02-10T16:48:42.956Z","pid":13576,"hostname":"PC","url":"/auth","href":"register","msg":"Malformacion de datos, no pudieron ser validados.","datos":[{"campo":"Usuario ","validation":["Mínimo de 4 carácteres"]}]}
{"level":30,"time":"2025-02-10T16:48:46.359Z","pid":13576,"hostname":"PC","url":"/auth","href":"register","msg":"NUEVO USUARIO REGISTRADO","usuario":"xxxx"}
{"level":30,"time":"2025-02-10T16:49:02.947Z","pid":13576,"hostname":"PC","url":"/auth","href":"login","msg":"SESION CREADA PARA EL USUARIO xxxx","usuario":"xxxx","session":"eb60e1e7-fd1c-4ae2-b4b2-751f35ce0dc7"}
{"level":30,"time":"2025-02-10T16:49:12.412Z","pid":13576,"hostname":"PC","url":"/logout","href":"logout","session_id":"eb60e1e7-fd1c-4ae2-b4b2-751f35ce0dc7","usuario":"xxxx","msg":"SESION FINALIZADA"}
{"level":30,"time":"2025-02-10T16:49:30.749Z","pid":13576,"hostname":"PC","url":"/auth","href":"login","msg":"SESION CREADA PARA EL USUARIO wiston","usuario":"wiston","session":"eed907be-9bba-46e0-b946-78344ffbf8d1"}
{"level":30,"time":"2025-02-10T16:49:50.219Z","pid":13576,"hostname":"PC","url":"/settings/users","href":"delete","session_id":"eed907be-9bba-46e0-b946-78344ffbf8d1","usuario":"wiston","msg":"Usuario Eliminado","usuario":"xxxx"}
{"level":30,"time":"2025-02-10T16:50:06.234Z","pid":13576,"hostname":"PC","url":"/settings/users","href":"delete","session_id":"eed907be-9bba-46e0-b946-78344ffbf8d1","usuario":"wiston","msg":"Usuario Eliminado","usuario":"suge"}
{"level":30,"time":"2025-02-10T16:50:10.110Z","pid":13576,"hostname":"PC","url":"/logout","href":"logout","session_id":"eed907be-9bba-46e0-b946-78344ffbf8d1","usuario":"wiston","msg":"SESION FINALIZADA"}
{"level":30,"time":"2025-02-10T18:41:50.813Z","pid":13036,"hostname":"PC","url":"/auth","href":"login","msg":"SESION CREADA PARA EL USUARIO wiston","usuario":"wiston","session":"803241b6-5f4f-4220-87a9-c24a442310ba"}
{"level":30,"time":"2025-02-10T18:49:40.394Z","pid":13036,"hostname":"PC","url":"/logout","href":"logout","session_id":"803241b6-5f4f-4220-87a9-c24a442310ba","usuario":"wiston","msg":"SESION FINALIZADA"}
{"level":30,"time":"2025-02-10T18:49:58.149Z","pid":13036,"hostname":"PC","url":"/auth","href":"login","msg":"SESION CREADA PARA EL USUARIO wiston","usuario":"wiston","session":"a17acbe8-1910-42dc-b793-f2542813acd5"}
{"level":30,"time":"2025-02-10T18:51:19.924Z","pid":13036,"hostname":"PC","url":"/logout","href":"logout","session_id":"a17acbe8-1910-42dc-b793-f2542813acd5","usuario":"wiston","msg":"SESION FINALIZADA"}
{"level":30,"time":"2025-02-10T18:51:48.091Z","pid":13036,"hostname":"PC","url":"/auth","href":"login","msg":"SESION CREADA PARA EL USUARIO wiston","usuario":"wiston","session":"f297bdfe-ed64-45ac-8e28-6bc465a36b60"}
{"level":30,"time":"2025-02-10T18:55:05.652Z","pid":13036,"hostname":"PC","url":"/logout","href":"logout","session_id":"f297bdfe-ed64-45ac-8e28-6bc465a36b60","usuario":"wiston","msg":"SESION FINALIZADA"}
{"level":30,"time":"2025-02-10T18:56:12.771Z","pid":13036,"hostname":"PC","url":"/auth","href":"login","msg":"SESION CREADA PARA EL USUARIO wiston","usuario":"wiston","session":"2b40421c-228f-4413-a828-1c41e1c3b2eb"}
{"level":30,"time":"2025-02-10T18:56:33.051Z","pid":13036,"hostname":"PC","url":"/logout","href":"logout","session_id":"2b40421c-228f-4413-a828-1c41e1c3b2eb","usuario":"wiston","msg":"SESION FINALIZADA"}
{"level":30,"time":"2025-02-10T19:00:51.069Z","pid":13036,"hostname":"PC","url":"/auth","href":"login","msg":"SESION CREADA PARA EL USUARIO wiston","usuario":"wiston","session":"e6bb97fc-9a91-4025-bac8-4b8712d46e46"}
{"level":30,"time":"2025-02-10T19:02:46.775Z","pid":13036,"hostname":"PC","url":"/settings/users","href":"delete","session_id":"e6bb97fc-9a91-4025-bac8-4b8712d46e46","usuario":"wiston","msg":"Usuario Eliminado","usuario":"hect"}
{"level":30,"time":"2025-02-10T19:02:50.581Z","pid":13036,"hostname":"PC","url":"/logout","href":"logout","session_id":"e6bb97fc-9a91-4025-bac8-4b8712d46e46","usuario":"wiston","msg":"SESION FINALIZADA"}
{"level":50,"time":"2025-02-10T19:03:12.687Z","pid":13036,"hostname":"PC","url":"/auth","href":"register","msg":"Malformacion de datos, no pudieron ser validados.","datos":[{"campo":"Contraseña ","validation":["Su contraseña no cumple con los parametros de seguridad minimos: debe de contener al menos \n        8 caracteres, una letra mayuscula, una letra minuscula y un caracter especial."]}]}
{"level":30,"time":"2025-02-10T19:03:32.274Z","pid":13036,"hostname":"PC","url":"/auth","href":"register","msg":"NUEVO USUARIO REGISTRADO","usuario":"Wito"}
{"level":30,"time":"2025-02-10T19:04:07.462Z","pid":13036,"hostname":"PC","url":"/auth","href":"login","msg":"SESION CREADA PARA EL USUARIO Wito","usuario":"Wito","session":"a807b58a-4c0c-4017-af2a-d1b277f367b2"}
{"level":30,"time":"2025-02-10T19:05:25.046Z","pid":13036,"hostname":"PC","url":"/logout","href":"logout","session_id":"a807b58a-4c0c-4017-af2a-d1b277f367b2","usuario":"Wito","msg":"SESION FINALIZADA"}
{"level":30,"time":"2025-02-21T00:08:30.102Z","pid":17140,"hostname":"PC","url":"/auth","href":"login","msg":"SESION CREADA PARA EL USUARIO wiston","usuario":"wiston","session":"57fa85af-bbf0-4e3f-800f-e1155530079f"}
{"level":30,"time":"2025-02-21T00:10:23.532Z","pid":17140,"hostname":"PC","url":"/auth","href":"login","msg":"SESION CREADA PARA EL USUARIO wiston","usuario":"wiston","session":"b78a4ba3-e572-430f-ae2c-f460a0bd8301"}
{"level":30,"time":"2025-02-21T00:19:47.661Z","pid":17140,"hostname":"PC","url":"/logout","href":"logout","session_id":"b78a4ba3-e572-430f-ae2c-f460a0bd8301","usuario":"wiston","msg":"SESION FINALIZADA"}
